<?xml version="1.0" encoding="UTF-8"?>
<testsuite xmlns:xsi="http://www.w3.org/2001/XMLSchema-instance" xsi:noNamespaceSchemaLocation="https://maven.apache.org/surefire/maven-surefire-plugin/xsd/surefire-test-report.xsd" name="UserServiceImplIntegrationTest" time="6.52" tests="13" errors="0" skipped="0" failures="0">
  <properties>
    <property name="sun.desktop" value="gnome"/>
    <property name="awt.toolkit" value="sun.awt.X11.XToolkit"/>
    <property name="java.specification.version" value="11"/>
    <property name="sun.cpu.isalist" value=""/>
    <property name="sun.jnu.encoding" value="UTF-8"/>
    <property name="java.class.path" value="/home/dnina/IdeaProjects/test-project-ForSpring/testProjectrestspring/target/test-classes:/home/dnina/IdeaProjects/test-project-ForSpring/testProjectrestspring/target/classes:/home/dnina/.m2/repository/org/mariadb/jdbc/mariadb-java-client/2.5.1/mariadb-java-client-2.5.1.jar:/home/dnina/.m2/repository/org/springframework/boot/spring-boot-starter-web/2.1.10.RELEASE/spring-boot-starter-web-2.1.10.RELEASE.jar:/home/dnina/.m2/repository/org/springframework/boot/spring-boot-starter/2.1.10.RELEASE/spring-boot-starter-2.1.10.RELEASE.jar:/home/dnina/.m2/repository/org/springframework/boot/spring-boot/2.1.10.RELEASE/spring-boot-2.1.10.RELEASE.jar:/home/dnina/.m2/repository/org/springframework/boot/spring-boot-autoconfigure/2.1.10.RELEASE/spring-boot-autoconfigure-2.1.10.RELEASE.jar:/home/dnina/.m2/repository/org/springframework/boot/spring-boot-starter-logging/2.1.10.RELEASE/spring-boot-starter-logging-2.1.10.RELEASE.jar:/home/dnina/.m2/repository/ch/qos/logback/logback-classic/1.2.3/logback-classic-1.2.3.jar:/home/dnina/.m2/repository/ch/qos/logback/logback-core/1.2.3/logback-core-1.2.3.jar:/home/dnina/.m2/repository/org/apache/logging/log4j/log4j-to-slf4j/2.11.2/log4j-to-slf4j-2.11.2.jar:/home/dnina/.m2/repository/org/apache/logging/log4j/log4j-api/2.11.2/log4j-api-2.11.2.jar:/home/dnina/.m2/repository/org/slf4j/jul-to-slf4j/1.7.29/jul-to-slf4j-1.7.29.jar:/home/dnina/.m2/repository/javax/annotation/javax.annotation-api/1.3.2/javax.annotation-api-1.3.2.jar:/home/dnina/.m2/repository/org/yaml/snakeyaml/1.23/snakeyaml-1.23.jar:/home/dnina/.m2/repository/org/springframework/boot/spring-boot-starter-json/2.1.10.RELEASE/spring-boot-starter-json-2.1.10.RELEASE.jar:/home/dnina/.m2/repository/com/fasterxml/jackson/core/jackson-databind/2.9.10.1/jackson-databind-2.9.10.1.jar:/home/dnina/.m2/repository/com/fasterxml/jackson/core/jackson-annotations/2.9.10/jackson-annotations-2.9.10.jar:/home/dnina/.m2/repository/com/fasterxml/jackson/core/jackson-core/2.9.10/jackson-core-2.9.10.jar:/home/dnina/.m2/repository/com/fasterxml/jackson/datatype/jackson-datatype-jdk8/2.9.10/jackson-datatype-jdk8-2.9.10.jar:/home/dnina/.m2/repository/com/fasterxml/jackson/datatype/jackson-datatype-jsr310/2.9.10/jackson-datatype-jsr310-2.9.10.jar:/home/dnina/.m2/repository/com/fasterxml/jackson/module/jackson-module-parameter-names/2.9.10/jackson-module-parameter-names-2.9.10.jar:/home/dnina/.m2/repository/org/springframework/boot/spring-boot-starter-tomcat/2.1.10.RELEASE/spring-boot-starter-tomcat-2.1.10.RELEASE.jar:/home/dnina/.m2/repository/org/apache/tomcat/embed/tomcat-embed-core/9.0.27/tomcat-embed-core-9.0.27.jar:/home/dnina/.m2/repository/org/apache/tomcat/embed/tomcat-embed-el/9.0.27/tomcat-embed-el-9.0.27.jar:/home/dnina/.m2/repository/org/apache/tomcat/embed/tomcat-embed-websocket/9.0.27/tomcat-embed-websocket-9.0.27.jar:/home/dnina/.m2/repository/org/hibernate/validator/hibernate-validator/6.0.18.Final/hibernate-validator-6.0.18.Final.jar:/home/dnina/.m2/repository/javax/validation/validation-api/2.0.1.Final/validation-api-2.0.1.Final.jar:/home/dnina/.m2/repository/org/jboss/logging/jboss-logging/3.3.3.Final/jboss-logging-3.3.3.Final.jar:/home/dnina/.m2/repository/com/fasterxml/classmate/1.4.0/classmate-1.4.0.jar:/home/dnina/.m2/repository/org/springframework/spring-web/5.1.11.RELEASE/spring-web-5.1.11.RELEASE.jar:/home/dnina/.m2/repository/org/springframework/spring-beans/5.1.11.RELEASE/spring-beans-5.1.11.RELEASE.jar:/home/dnina/.m2/repository/org/springframework/spring-webmvc/5.1.11.RELEASE/spring-webmvc-5.1.11.RELEASE.jar:/home/dnina/.m2/repository/org/springframework/spring-context/5.1.11.RELEASE/spring-context-5.1.11.RELEASE.jar:/home/dnina/.m2/repository/org/springframework/spring-expression/5.1.11.RELEASE/spring-expression-5.1.11.RELEASE.jar:/home/dnina/.m2/repository/org/springframework/boot/spring-boot-starter-data-jpa/2.1.10.RELEASE/spring-boot-starter-data-jpa-2.1.10.RELEASE.jar:/home/dnina/.m2/repository/org/springframework/boot/spring-boot-starter-aop/2.1.10.RELEASE/spring-boot-starter-aop-2.1.10.RELEASE.jar:/home/dnina/.m2/repository/org/aspectj/aspectjweaver/1.9.4/aspectjweaver-1.9.4.jar:/home/dnina/.m2/repository/org/springframework/boot/spring-boot-starter-jdbc/2.1.10.RELEASE/spring-boot-starter-jdbc-2.1.10.RELEASE.jar:/home/dnina/.m2/repository/com/zaxxer/HikariCP/3.2.0/HikariCP-3.2.0.jar:/home/dnina/.m2/repository/org/springframework/spring-jdbc/5.1.11.RELEASE/spring-jdbc-5.1.11.RELEASE.jar:/home/dnina/.m2/repository/javax/transaction/javax.transaction-api/1.3/javax.transaction-api-1.3.jar:/home/dnina/.m2/repository/javax/xml/bind/jaxb-api/2.3.1/jaxb-api-2.3.1.jar:/home/dnina/.m2/repository/javax/activation/javax.activation-api/1.2.0/javax.activation-api-1.2.0.jar:/home/dnina/.m2/repository/org/hibernate/hibernate-core/5.3.13.Final/hibernate-core-5.3.13.Final.jar:/home/dnina/.m2/repository/javax/persistence/javax.persistence-api/2.2/javax.persistence-api-2.2.jar:/home/dnina/.m2/repository/org/javassist/javassist/3.23.2-GA/javassist-3.23.2-GA.jar:/home/dnina/.m2/repository/net/bytebuddy/byte-buddy/1.9.16/byte-buddy-1.9.16.jar:/home/dnina/.m2/repository/antlr/antlr/2.7.7/antlr-2.7.7.jar:/home/dnina/.m2/repository/org/jboss/jandex/2.0.5.Final/jandex-2.0.5.Final.jar:/home/dnina/.m2/repository/org/dom4j/dom4j/2.1.1/dom4j-2.1.1.jar:/home/dnina/.m2/repository/org/hibernate/common/hibernate-commons-annotations/5.0.4.Final/hibernate-commons-annotations-5.0.4.Final.jar:/home/dnina/.m2/repository/org/glassfish/jaxb/jaxb-runtime/2.3.1/jaxb-runtime-2.3.1.jar:/home/dnina/.m2/repository/org/glassfish/jaxb/txw2/2.3.1/txw2-2.3.1.jar:/home/dnina/.m2/repository/com/sun/istack/istack-commons-runtime/3.0.7/istack-commons-runtime-3.0.7.jar:/home/dnina/.m2/repository/org/jvnet/staxex/stax-ex/1.8/stax-ex-1.8.jar:/home/dnina/.m2/repository/com/sun/xml/fastinfoset/FastInfoset/1.2.15/FastInfoset-1.2.15.jar:/home/dnina/.m2/repository/org/springframework/data/spring-data-jpa/2.1.12.RELEASE/spring-data-jpa-2.1.12.RELEASE.jar:/home/dnina/.m2/repository/org/springframework/data/spring-data-commons/2.1.12.RELEASE/spring-data-commons-2.1.12.RELEASE.jar:/home/dnina/.m2/repository/org/springframework/spring-orm/5.1.11.RELEASE/spring-orm-5.1.11.RELEASE.jar:/home/dnina/.m2/repository/org/springframework/spring-tx/5.1.11.RELEASE/spring-tx-5.1.11.RELEASE.jar:/home/dnina/.m2/repository/org/slf4j/slf4j-api/1.7.29/slf4j-api-1.7.29.jar:/home/dnina/.m2/repository/org/springframework/spring-aspects/5.1.11.RELEASE/spring-aspects-5.1.11.RELEASE.jar:/home/dnina/.m2/repository/org/projectlombok/lombok/1.18.10/lombok-1.18.10.jar:/home/dnina/.m2/repository/org/springframework/boot/spring-boot-starter-security/2.1.10.RELEASE/spring-boot-starter-security-2.1.10.RELEASE.jar:/home/dnina/.m2/repository/org/springframework/spring-aop/5.1.11.RELEASE/spring-aop-5.1.11.RELEASE.jar:/home/dnina/.m2/repository/org/springframework/security/spring-security-config/5.1.7.RELEASE/spring-security-config-5.1.7.RELEASE.jar:/home/dnina/.m2/repository/org/springframework/security/spring-security-core/5.1.7.RELEASE/spring-security-core-5.1.7.RELEASE.jar:/home/dnina/.m2/repository/org/springframework/security/spring-security-web/5.1.7.RELEASE/spring-security-web-5.1.7.RELEASE.jar:/home/dnina/.m2/repository/javax/servlet/servlet-api/2.5/servlet-api-2.5.jar:/home/dnina/.m2/repository/commons-lang/commons-lang/2.6/commons-lang-2.6.jar:/home/dnina/.m2/repository/org/springframework/boot/spring-boot-starter-test/2.2.0.RELEASE/spring-boot-starter-test-2.2.0.RELEASE.jar:/home/dnina/.m2/repository/org/springframework/boot/spring-boot-test/2.1.10.RELEASE/spring-boot-test-2.1.10.RELEASE.jar:/home/dnina/.m2/repository/org/springframework/boot/spring-boot-test-autoconfigure/2.1.10.RELEASE/spring-boot-test-autoconfigure-2.1.10.RELEASE.jar:/home/dnina/.m2/repository/com/jayway/jsonpath/json-path/2.4.0/json-path-2.4.0.jar:/home/dnina/.m2/repository/net/minidev/json-smart/2.3/json-smart-2.3.jar:/home/dnina/.m2/repository/net/minidev/accessors-smart/1.2/accessors-smart-1.2.jar:/home/dnina/.m2/repository/org/ow2/asm/asm/5.0.4/asm-5.0.4.jar:/home/dnina/.m2/repository/jakarta/xml/bind/jakarta.xml.bind-api/2.3.2/jakarta.xml.bind-api-2.3.2.jar:/home/dnina/.m2/repository/jakarta/activation/jakarta.activation-api/1.2.1/jakarta.activation-api-1.2.1.jar:/home/dnina/.m2/repository/org/junit/jupiter/junit-jupiter/5.5.2/junit-jupiter-5.5.2.jar:/home/dnina/.m2/repository/org/junit/jupiter/junit-jupiter-api/5.3.2/junit-jupiter-api-5.3.2.jar:/home/dnina/.m2/repository/org/opentest4j/opentest4j/1.1.1/opentest4j-1.1.1.jar:/home/dnina/.m2/repository/org/junit/platform/junit-platform-commons/1.3.2/junit-platform-commons-1.3.2.jar:/home/dnina/.m2/repository/org/junit/jupiter/junit-jupiter-params/5.3.2/junit-jupiter-params-5.3.2.jar:/home/dnina/.m2/repository/org/junit/jupiter/junit-jupiter-engine/5.3.2/junit-jupiter-engine-5.3.2.jar:/home/dnina/.m2/repository/org/junit/vintage/junit-vintage-engine/5.3.2/junit-vintage-engine-5.3.2.jar:/home/dnina/.m2/repository/org/apiguardian/apiguardian-api/1.0.0/apiguardian-api-1.0.0.jar:/home/dnina/.m2/repository/org/junit/platform/junit-platform-engine/1.3.2/junit-platform-engine-1.3.2.jar:/home/dnina/.m2/repository/junit/junit/4.12/junit-4.12.jar:/home/dnina/.m2/repository/org/mockito/mockito-junit-jupiter/2.23.4/mockito-junit-jupiter-2.23.4.jar:/home/dnina/.m2/repository/org/assertj/assertj-core/3.11.1/assertj-core-3.11.1.jar:/home/dnina/.m2/repository/org/hamcrest/hamcrest/2.1/hamcrest-2.1.jar:/home/dnina/.m2/repository/org/mockito/mockito-core/2.23.4/mockito-core-2.23.4.jar:/home/dnina/.m2/repository/net/bytebuddy/byte-buddy-agent/1.9.16/byte-buddy-agent-1.9.16.jar:/home/dnina/.m2/repository/org/objenesis/objenesis/2.6/objenesis-2.6.jar:/home/dnina/.m2/repository/org/skyscreamer/jsonassert/1.5.0/jsonassert-1.5.0.jar:/home/dnina/.m2/repository/com/vaadin/external/google/android-json/0.0.20131108.vaadin1/android-json-0.0.20131108.vaadin1.jar:/home/dnina/.m2/repository/org/springframework/spring-core/5.1.11.RELEASE/spring-core-5.1.11.RELEASE.jar:/home/dnina/.m2/repository/org/springframework/spring-jcl/5.1.11.RELEASE/spring-jcl-5.1.11.RELEASE.jar:/home/dnina/.m2/repository/org/springframework/spring-test/5.1.11.RELEASE/spring-test-5.1.11.RELEASE.jar:/home/dnina/.m2/repository/org/xmlunit/xmlunit-core/2.6.3/xmlunit-core-2.6.3.jar:"/>
    <property name="java.vm.vendor" value="JetBrains s.r.o"/>
    <property name="sun.arch.data.model" value="64"/>
    <property name="java.vendor.url" value="https://www.jetbrains.com/"/>
    <property name="user.timezone" value=""/>
    <property name="java.vm.specification.version" value="11"/>
    <property name="os.name" value="Linux"/>
    <property name="sun.java.launcher" value="SUN_STANDARD"/>
    <property name="user.country" value="RU"/>
    <property name="sun.boot.library.path" value="/home/dnina/.local/share/JetBrains/Toolbox/apps/IDEA-U/ch-0/192.7142.36/jbr/lib"/>
    <property name="sun.java.command" value="/home/dnina/IdeaProjects/test-project-ForSpring/testProjectrestspring/target/surefire/surefirebooter2811282277572254805.jar /home/dnina/IdeaProjects/test-project-ForSpring/testProjectrestspring/target/surefire 2020-01-03T21-00-23_241-jvmRun1 surefire13388577365131600996tmp surefire_03210815965622784919tmp"/>
    <property name="jdk.debug" value="release"/>
    <property name="surefire.test.class.path" value="/home/dnina/IdeaProjects/test-project-ForSpring/testProjectrestspring/target/test-classes:/home/dnina/IdeaProjects/test-project-ForSpring/testProjectrestspring/target/classes:/home/dnina/.m2/repository/org/mariadb/jdbc/mariadb-java-client/2.5.1/mariadb-java-client-2.5.1.jar:/home/dnina/.m2/repository/org/springframework/boot/spring-boot-starter-web/2.1.10.RELEASE/spring-boot-starter-web-2.1.10.RELEASE.jar:/home/dnina/.m2/repository/org/springframework/boot/spring-boot-starter/2.1.10.RELEASE/spring-boot-starter-2.1.10.RELEASE.jar:/home/dnina/.m2/repository/org/springframework/boot/spring-boot/2.1.10.RELEASE/spring-boot-2.1.10.RELEASE.jar:/home/dnina/.m2/repository/org/springframework/boot/spring-boot-autoconfigure/2.1.10.RELEASE/spring-boot-autoconfigure-2.1.10.RELEASE.jar:/home/dnina/.m2/repository/org/springframework/boot/spring-boot-starter-logging/2.1.10.RELEASE/spring-boot-starter-logging-2.1.10.RELEASE.jar:/home/dnina/.m2/repository/ch/qos/logback/logback-classic/1.2.3/logback-classic-1.2.3.jar:/home/dnina/.m2/repository/ch/qos/logback/logback-core/1.2.3/logback-core-1.2.3.jar:/home/dnina/.m2/repository/org/apache/logging/log4j/log4j-to-slf4j/2.11.2/log4j-to-slf4j-2.11.2.jar:/home/dnina/.m2/repository/org/apache/logging/log4j/log4j-api/2.11.2/log4j-api-2.11.2.jar:/home/dnina/.m2/repository/org/slf4j/jul-to-slf4j/1.7.29/jul-to-slf4j-1.7.29.jar:/home/dnina/.m2/repository/javax/annotation/javax.annotation-api/1.3.2/javax.annotation-api-1.3.2.jar:/home/dnina/.m2/repository/org/yaml/snakeyaml/1.23/snakeyaml-1.23.jar:/home/dnina/.m2/repository/org/springframework/boot/spring-boot-starter-json/2.1.10.RELEASE/spring-boot-starter-json-2.1.10.RELEASE.jar:/home/dnina/.m2/repository/com/fasterxml/jackson/core/jackson-databind/2.9.10.1/jackson-databind-2.9.10.1.jar:/home/dnina/.m2/repository/com/fasterxml/jackson/core/jackson-annotations/2.9.10/jackson-annotations-2.9.10.jar:/home/dnina/.m2/repository/com/fasterxml/jackson/core/jackson-core/2.9.10/jackson-core-2.9.10.jar:/home/dnina/.m2/repository/com/fasterxml/jackson/datatype/jackson-datatype-jdk8/2.9.10/jackson-datatype-jdk8-2.9.10.jar:/home/dnina/.m2/repository/com/fasterxml/jackson/datatype/jackson-datatype-jsr310/2.9.10/jackson-datatype-jsr310-2.9.10.jar:/home/dnina/.m2/repository/com/fasterxml/jackson/module/jackson-module-parameter-names/2.9.10/jackson-module-parameter-names-2.9.10.jar:/home/dnina/.m2/repository/org/springframework/boot/spring-boot-starter-tomcat/2.1.10.RELEASE/spring-boot-starter-tomcat-2.1.10.RELEASE.jar:/home/dnina/.m2/repository/org/apache/tomcat/embed/tomcat-embed-core/9.0.27/tomcat-embed-core-9.0.27.jar:/home/dnina/.m2/repository/org/apache/tomcat/embed/tomcat-embed-el/9.0.27/tomcat-embed-el-9.0.27.jar:/home/dnina/.m2/repository/org/apache/tomcat/embed/tomcat-embed-websocket/9.0.27/tomcat-embed-websocket-9.0.27.jar:/home/dnina/.m2/repository/org/hibernate/validator/hibernate-validator/6.0.18.Final/hibernate-validator-6.0.18.Final.jar:/home/dnina/.m2/repository/javax/validation/validation-api/2.0.1.Final/validation-api-2.0.1.Final.jar:/home/dnina/.m2/repository/org/jboss/logging/jboss-logging/3.3.3.Final/jboss-logging-3.3.3.Final.jar:/home/dnina/.m2/repository/com/fasterxml/classmate/1.4.0/classmate-1.4.0.jar:/home/dnina/.m2/repository/org/springframework/spring-web/5.1.11.RELEASE/spring-web-5.1.11.RELEASE.jar:/home/dnina/.m2/repository/org/springframework/spring-beans/5.1.11.RELEASE/spring-beans-5.1.11.RELEASE.jar:/home/dnina/.m2/repository/org/springframework/spring-webmvc/5.1.11.RELEASE/spring-webmvc-5.1.11.RELEASE.jar:/home/dnina/.m2/repository/org/springframework/spring-context/5.1.11.RELEASE/spring-context-5.1.11.RELEASE.jar:/home/dnina/.m2/repository/org/springframework/spring-expression/5.1.11.RELEASE/spring-expression-5.1.11.RELEASE.jar:/home/dnina/.m2/repository/org/springframework/boot/spring-boot-starter-data-jpa/2.1.10.RELEASE/spring-boot-starter-data-jpa-2.1.10.RELEASE.jar:/home/dnina/.m2/repository/org/springframework/boot/spring-boot-starter-aop/2.1.10.RELEASE/spring-boot-starter-aop-2.1.10.RELEASE.jar:/home/dnina/.m2/repository/org/aspectj/aspectjweaver/1.9.4/aspectjweaver-1.9.4.jar:/home/dnina/.m2/repository/org/springframework/boot/spring-boot-starter-jdbc/2.1.10.RELEASE/spring-boot-starter-jdbc-2.1.10.RELEASE.jar:/home/dnina/.m2/repository/com/zaxxer/HikariCP/3.2.0/HikariCP-3.2.0.jar:/home/dnina/.m2/repository/org/springframework/spring-jdbc/5.1.11.RELEASE/spring-jdbc-5.1.11.RELEASE.jar:/home/dnina/.m2/repository/javax/transaction/javax.transaction-api/1.3/javax.transaction-api-1.3.jar:/home/dnina/.m2/repository/javax/xml/bind/jaxb-api/2.3.1/jaxb-api-2.3.1.jar:/home/dnina/.m2/repository/javax/activation/javax.activation-api/1.2.0/javax.activation-api-1.2.0.jar:/home/dnina/.m2/repository/org/hibernate/hibernate-core/5.3.13.Final/hibernate-core-5.3.13.Final.jar:/home/dnina/.m2/repository/javax/persistence/javax.persistence-api/2.2/javax.persistence-api-2.2.jar:/home/dnina/.m2/repository/org/javassist/javassist/3.23.2-GA/javassist-3.23.2-GA.jar:/home/dnina/.m2/repository/net/bytebuddy/byte-buddy/1.9.16/byte-buddy-1.9.16.jar:/home/dnina/.m2/repository/antlr/antlr/2.7.7/antlr-2.7.7.jar:/home/dnina/.m2/repository/org/jboss/jandex/2.0.5.Final/jandex-2.0.5.Final.jar:/home/dnina/.m2/repository/org/dom4j/dom4j/2.1.1/dom4j-2.1.1.jar:/home/dnina/.m2/repository/org/hibernate/common/hibernate-commons-annotations/5.0.4.Final/hibernate-commons-annotations-5.0.4.Final.jar:/home/dnina/.m2/repository/org/glassfish/jaxb/jaxb-runtime/2.3.1/jaxb-runtime-2.3.1.jar:/home/dnina/.m2/repository/org/glassfish/jaxb/txw2/2.3.1/txw2-2.3.1.jar:/home/dnina/.m2/repository/com/sun/istack/istack-commons-runtime/3.0.7/istack-commons-runtime-3.0.7.jar:/home/dnina/.m2/repository/org/jvnet/staxex/stax-ex/1.8/stax-ex-1.8.jar:/home/dnina/.m2/repository/com/sun/xml/fastinfoset/FastInfoset/1.2.15/FastInfoset-1.2.15.jar:/home/dnina/.m2/repository/org/springframework/data/spring-data-jpa/2.1.12.RELEASE/spring-data-jpa-2.1.12.RELEASE.jar:/home/dnina/.m2/repository/org/springframework/data/spring-data-commons/2.1.12.RELEASE/spring-data-commons-2.1.12.RELEASE.jar:/home/dnina/.m2/repository/org/springframework/spring-orm/5.1.11.RELEASE/spring-orm-5.1.11.RELEASE.jar:/home/dnina/.m2/repository/org/springframework/spring-tx/5.1.11.RELEASE/spring-tx-5.1.11.RELEASE.jar:/home/dnina/.m2/repository/org/slf4j/slf4j-api/1.7.29/slf4j-api-1.7.29.jar:/home/dnina/.m2/repository/org/springframework/spring-aspects/5.1.11.RELEASE/spring-aspects-5.1.11.RELEASE.jar:/home/dnina/.m2/repository/org/projectlombok/lombok/1.18.10/lombok-1.18.10.jar:/home/dnina/.m2/repository/org/springframework/boot/spring-boot-starter-security/2.1.10.RELEASE/spring-boot-starter-security-2.1.10.RELEASE.jar:/home/dnina/.m2/repository/org/springframework/spring-aop/5.1.11.RELEASE/spring-aop-5.1.11.RELEASE.jar:/home/dnina/.m2/repository/org/springframework/security/spring-security-config/5.1.7.RELEASE/spring-security-config-5.1.7.RELEASE.jar:/home/dnina/.m2/repository/org/springframework/security/spring-security-core/5.1.7.RELEASE/spring-security-core-5.1.7.RELEASE.jar:/home/dnina/.m2/repository/org/springframework/security/spring-security-web/5.1.7.RELEASE/spring-security-web-5.1.7.RELEASE.jar:/home/dnina/.m2/repository/javax/servlet/servlet-api/2.5/servlet-api-2.5.jar:/home/dnina/.m2/repository/commons-lang/commons-lang/2.6/commons-lang-2.6.jar:/home/dnina/.m2/repository/org/springframework/boot/spring-boot-starter-test/2.2.0.RELEASE/spring-boot-starter-test-2.2.0.RELEASE.jar:/home/dnina/.m2/repository/org/springframework/boot/spring-boot-test/2.1.10.RELEASE/spring-boot-test-2.1.10.RELEASE.jar:/home/dnina/.m2/repository/org/springframework/boot/spring-boot-test-autoconfigure/2.1.10.RELEASE/spring-boot-test-autoconfigure-2.1.10.RELEASE.jar:/home/dnina/.m2/repository/com/jayway/jsonpath/json-path/2.4.0/json-path-2.4.0.jar:/home/dnina/.m2/repository/net/minidev/json-smart/2.3/json-smart-2.3.jar:/home/dnina/.m2/repository/net/minidev/accessors-smart/1.2/accessors-smart-1.2.jar:/home/dnina/.m2/repository/org/ow2/asm/asm/5.0.4/asm-5.0.4.jar:/home/dnina/.m2/repository/jakarta/xml/bind/jakarta.xml.bind-api/2.3.2/jakarta.xml.bind-api-2.3.2.jar:/home/dnina/.m2/repository/jakarta/activation/jakarta.activation-api/1.2.1/jakarta.activation-api-1.2.1.jar:/home/dnina/.m2/repository/org/junit/jupiter/junit-jupiter/5.5.2/junit-jupiter-5.5.2.jar:/home/dnina/.m2/repository/org/junit/jupiter/junit-jupiter-api/5.3.2/junit-jupiter-api-5.3.2.jar:/home/dnina/.m2/repository/org/opentest4j/opentest4j/1.1.1/opentest4j-1.1.1.jar:/home/dnina/.m2/repository/org/junit/platform/junit-platform-commons/1.3.2/junit-platform-commons-1.3.2.jar:/home/dnina/.m2/repository/org/junit/jupiter/junit-jupiter-params/5.3.2/junit-jupiter-params-5.3.2.jar:/home/dnina/.m2/repository/org/junit/jupiter/junit-jupiter-engine/5.3.2/junit-jupiter-engine-5.3.2.jar:/home/dnina/.m2/repository/org/junit/vintage/junit-vintage-engine/5.3.2/junit-vintage-engine-5.3.2.jar:/home/dnina/.m2/repository/org/apiguardian/apiguardian-api/1.0.0/apiguardian-api-1.0.0.jar:/home/dnina/.m2/repository/org/junit/platform/junit-platform-engine/1.3.2/junit-platform-engine-1.3.2.jar:/home/dnina/.m2/repository/junit/junit/4.12/junit-4.12.jar:/home/dnina/.m2/repository/org/mockito/mockito-junit-jupiter/2.23.4/mockito-junit-jupiter-2.23.4.jar:/home/dnina/.m2/repository/org/assertj/assertj-core/3.11.1/assertj-core-3.11.1.jar:/home/dnina/.m2/repository/org/hamcrest/hamcrest/2.1/hamcrest-2.1.jar:/home/dnina/.m2/repository/org/mockito/mockito-core/2.23.4/mockito-core-2.23.4.jar:/home/dnina/.m2/repository/net/bytebuddy/byte-buddy-agent/1.9.16/byte-buddy-agent-1.9.16.jar:/home/dnina/.m2/repository/org/objenesis/objenesis/2.6/objenesis-2.6.jar:/home/dnina/.m2/repository/org/skyscreamer/jsonassert/1.5.0/jsonassert-1.5.0.jar:/home/dnina/.m2/repository/com/vaadin/external/google/android-json/0.0.20131108.vaadin1/android-json-0.0.20131108.vaadin1.jar:/home/dnina/.m2/repository/org/springframework/spring-core/5.1.11.RELEASE/spring-core-5.1.11.RELEASE.jar:/home/dnina/.m2/repository/org/springframework/spring-jcl/5.1.11.RELEASE/spring-jcl-5.1.11.RELEASE.jar:/home/dnina/.m2/repository/org/springframework/spring-test/5.1.11.RELEASE/spring-test-5.1.11.RELEASE.jar:/home/dnina/.m2/repository/org/xmlunit/xmlunit-core/2.6.3/xmlunit-core-2.6.3.jar:"/>
    <property name="sun.cpu.endian" value="little"/>
    <property name="user.home" value="/home/dnina"/>
    <property name="user.language" value="ru"/>
    <property name="java.specification.vendor" value="Oracle Corporation"/>
    <property name="java.version.date" value="2019-07-16"/>
    <property name="java.home" value="/home/dnina/.local/share/JetBrains/Toolbox/apps/IDEA-U/ch-0/192.7142.36/jbr"/>
    <property name="file.separator" value="/"/>
    <property name="basedir" value="/home/dnina/IdeaProjects/test-project-ForSpring/testProjectrestspring"/>
    <property name="java.vm.compressedOopsMode" value="32-bit"/>
    <property name="line.separator" value="&#10;"/>
    <property name="idea.version2019.2.4" value="true"/>
    <property name="java.specification.name" value="Java Platform API Specification"/>
    <property name="java.vm.specification.vendor" value="Oracle Corporation"/>
    <property name="java.awt.graphicsenv" value="sun.awt.X11GraphicsEnvironment"/>
    <property name="surefire.real.class.path" value="/home/dnina/IdeaProjects/test-project-ForSpring/testProjectrestspring/target/surefire/surefirebooter2811282277572254805.jar"/>
    <property name="sun.management.compiler" value="HotSpot 64-Bit Tiered Compilers"/>
    <property name="java.runtime.version" value="11.0.4+10-b304.77"/>
    <property name="user.name" value="dnina"/>
    <property name="path.separator" value=":"/>
    <property name="os.version" value="4.9.0-11-amd64"/>
    <property name="java.runtime.name" value="OpenJDK Runtime Environment"/>
    <property name="file.encoding" value="UTF-8"/>
    <property name="java.vm.name" value="OpenJDK 64-Bit Server VM"/>
    <property name="localRepository" value="/home/dnina/.m2/repository"/>
    <property name="java.vendor.url.bug" value="https://youtrack.jetbrains.com"/>
    <property name="java.io.tmpdir" value="/tmp"/>
    <property name="java.version" value="11.0.4"/>
    <property name="user.dir" value="/home/dnina/IdeaProjects/test-project-ForSpring/testProjectrestspring"/>
    <property name="os.arch" value="amd64"/>
    <property name="java.vm.specification.name" value="Java Virtual Machine Specification"/>
    <property name="java.awt.printerjob" value="sun.print.PSPrinterJob"/>
    <property name="sun.os.patch.level" value="unknown"/>
    <property name="java.library.path" value="/usr/java/packages/lib:/usr/lib64:/lib64:/lib:/usr/lib"/>
    <property name="java.vendor" value="JetBrains s.r.o"/>
    <property name="java.vm.info" value="mixed mode"/>
    <property name="java.vm.version" value="11.0.4+10-b304.77"/>
    <property name="sun.io.unicode.encoding" value="UnicodeLittle"/>
    <property name="java.class.version" value="55.0"/>
  </properties>
  <testcase name="whenValidId_thenUserShouldBeFound" classname="ru.dnina.server.testIntegration.services.UserServiceImplIntegrationTest" time="0.553"/>
  <testcase name="whenNotValidId_thenUserBeNotFoundForUpdate" classname="ru.dnina.server.testIntegration.services.UserServiceImplIntegrationTest" time="0.463"/>
  <testcase name="whenValidId_thenUserShouldBeFoundForUpdate" classname="ru.dnina.server.testIntegration.services.UserServiceImplIntegrationTest" time="0.368"/>
  <testcase name="whenNotValidId_thenPasswordUserNotUpdate" classname="ru.dnina.server.testIntegration.services.UserServiceImplIntegrationTest" time="0.43"/>
  <testcase name="whenDuplicateLogin_thenUserNotUpdate" classname="ru.dnina.server.testIntegration.services.UserServiceImplIntegrationTest" time="0.44"/>
  <testcase name="whenOldPasswordIsNotCorrect_thenPasswordUserNotUpdate" classname="ru.dnina.server.testIntegration.services.UserServiceImplIntegrationTest" time="0.549"/>
  <testcase name="whenNotValidId_thenUserShouldBeNotFound" classname="ru.dnina.server.testIntegration.services.UserServiceImplIntegrationTest" time="0.403"/>
  <testcase name="whenIncorrectPasswordForm_thenPasswordUserNotUpdate" classname="ru.dnina.server.testIntegration.services.UserServiceImplIntegrationTest" time="0.419"/>
  <testcase name="whenValidData_thenPasswordUserUpdate" classname="ru.dnina.server.testIntegration.services.UserServiceImplIntegrationTest" time="0.887"/>
  <testcase name="whenIncorrectRoleForm_thenRoleUserNotUpdate" classname="ru.dnina.server.testIntegration.services.UserServiceImplIntegrationTest" time="0.415"/>
  <testcase name="whenNotValidId_thenRoleUserNotUpdate" classname="ru.dnina.server.testIntegration.services.UserServiceImplIntegrationTest" time="0.389"/>
  <testcase name="whenValidData_thenRoleUserUpdate" classname="ru.dnina.server.testIntegration.services.UserServiceImplIntegrationTest" time="0.46"/>
  <testcase name="whenIncorrectUpdateForm_thenUserNotUpdate" classname="ru.dnina.server.testIntegration.services.UserServiceImplIntegrationTest" time="0.398"/>
</testsuite>